SF:lib\model\api_server\GraphQlServerAccess.dart
DA:40,1
DA:42,1
DA:43,1
DA:48,1
DA:51,2
DA:52,1
DA:53,2
DA:54,1
DA:55,1
DA:58,1
DA:61,2
DA:62,1
DA:63,2
DA:65,2
DA:68,1
DA:71,2
DA:72,1
DA:73,2
DA:75,2
DA:78,1
DA:81,3
DA:82,2
DA:84,2
DA:87,1
DA:90,3
DA:92,2
DA:94,2
DA:97,1
DA:100,2
DA:101,1
DA:102,1
DA:103,1
DA:104,1
DA:106,2
DA:109,1
DA:112,2
DA:113,1
DA:114,1
DA:115,1
DA:117,2
DA:124,1
DA:126,1
DA:128,1
DA:131,2
DA:132,2
DA:133,2
DA:134,1
DA:135,1
DA:136,2
DA:138,1
DA:140,0
DA:144,3
DA:146,1
DA:148,1
DA:151,1
DA:154,3
DA:155,1
DA:156,4
DA:158,2
DA:159,1
DA:161,0
DA:165,0
DA:166,0
DA:169,2
DA:172,1
DA:175,2
DA:176,1
DA:177,1
DA:178,3
DA:180,1
DA:182,0
DA:185,1
DA:186,5
DA:187,1
DA:190,1
DA:194,3
DA:195,1
DA:197,1
DA:199,0
DA:202,2
DA:203,2
DA:205,0
DA:208,0
DA:209,0
DA:212,2
DA:218,1
DA:221,1
DA:222,2
DA:223,1
DA:224,3
DA:226,1
DA:228,1
DA:229,1
DA:230,1
DA:231,2
DA:234,2
DA:235,5
DA:238,1
DA:239,1
DA:241,1
DA:244,1
DA:245,1
DA:246,1
DA:247,1
DA:248,2
DA:249,2
DA:250,6
DA:251,6
DA:252,2
DA:253,2
DA:254,2
DA:255,3
DA:256,3
DA:257,3
DA:258,5
DA:259,5
DA:263,1
DA:268,1
DA:269,1
DA:271,1
DA:277,1
DA:278,1
DA:279,1
DA:280,1
DA:281,2
DA:282,2
DA:283,6
DA:284,6
DA:287,1
DA:288,1
DA:289,1
DA:290,1
DA:291,1
DA:292,1
DA:293,1
DA:294,1
DA:296,1
DA:297,0
DA:301,1
DA:303,1
DA:304,1
DA:305,1
DA:306,1
DA:307,1
DA:308,1
DA:309,1
DA:310,1
DA:311,1
DA:312,1
DA:313,1
DA:314,1
DA:315,1
DA:316,1
DA:317,1
DA:318,1
DA:319,1
DA:320,1
DA:321,1
DA:322,1
DA:323,1
DA:324,1
DA:325,1
DA:326,1
DA:327,1
DA:328,1
DA:329,1
DA:330,1
DA:331,0
DA:335,1
DA:337,1
DA:338,1
DA:339,1
DA:340,1
DA:341,1
DA:342,1
DA:343,1
DA:344,1
DA:346,1
DA:347,1
DA:348,1
DA:349,1
DA:350,0
DA:351,0
DA:352,0
DA:353,0
DA:357,1
DA:359,1
DA:361,1
DA:363,1
DA:365,1
DA:367,1
DA:369,1
DA:371,1
DA:373,0
DA:375,0
DA:380,1
DA:381,1
DA:382,1
DA:383,1
DA:384,1
DA:385,1
DA:388,1
DA:389,3
DA:392,1
DA:394,1
DA:396,1
DA:398,1
DA:400,1
DA:402,1
DA:404,0
LF:210
LH:192
end_of_record
SF:lib\view_model\repository\data_classes\meal\ImageData.dart
DA:20,1
DA:34,0
DA:36,0
DA:38,0
DA:40,0
DA:42,0
DA:44,2
DA:46,0
DA:47,0
DA:48,0
DA:49,0
LF:11
LH:2
end_of_record
SF:lib\view_model\repository\data_classes\meal\Meal.dart
DA:46,1
DA:79,0
DA:80,0
DA:83,0
DA:84,0
DA:87,0
DA:88,0
DA:89,0
DA:90,0
DA:91,0
DA:92,0
DA:93,0
DA:94,0
DA:95,0
DA:96,0
DA:97,0
DA:98,0
DA:102,0
DA:103,0
DA:104,0
DA:106,0
DA:109,0
DA:110,0
DA:111,0
DA:113,0
DA:116,2
DA:118,0
DA:120,0
DA:122,0
DA:124,0
DA:126,0
DA:128,0
DA:130,0
DA:132,0
DA:134,0
DA:136,0
DA:138,0
DA:140,0
DA:142,0
DA:144,0
LF:40
LH:2
end_of_record
SF:lib\view_model\repository\data_classes\meal\Price.dart
DA:10,1
DA:20,0
DA:22,0
DA:23,0
DA:24,0
DA:25,0
DA:26,0
DA:27,0
DA:28,0
DA:29,0
DA:33,0
DA:34,0
DA:35,0
DA:36,0
DA:37,0
DA:38,0
LF:16
LH:1
end_of_record
SF:lib\view_model\repository\data_classes\mealplan\Canteen.dart
DA:6,1
DA:12,2
DA:14,2
DA:16,0
DA:17,0
DA:18,0
DA:19,0
LF:7
LH:3
end_of_record
SF:lib\view_model\repository\data_classes\mealplan\Line.dart
DA:9,1
DA:19,0
DA:20,0
DA:21,0
DA:22,0
DA:23,0
DA:24,0
DA:28,2
DA:30,0
DA:32,0
DA:34,0
LF:11
LH:2
end_of_record
SF:lib\view_model\repository\error_handling\Result.dart
DA:7,1
DA:14,1
DA:24,0
LF:3
LH:2
end_of_record
SF:lib\model\api_server\requests\querys.graphql.dart
DA:9,1
DA:15,1
DA:16,1
DA:17,1
DA:18,1
DA:19,1
DA:32,0
DA:33,0
DA:34,0
DA:35,0
DA:36,0
DA:37,0
DA:38,0
DA:39,0
DA:43,0
DA:45,0
DA:46,0
DA:47,0
DA:48,0
DA:55,0
DA:60,0
DA:63,0
DA:64,0
DA:65,0
DA:68,0
DA:69,0
DA:70,0
DA:73,0
DA:74,0
DA:75,0
DA:83,0
DA:84,0
DA:86,0
DA:108,0
DA:119,0
DA:124,0
DA:125,0
DA:126,0
DA:127,0
DA:129,0
DA:130,0
DA:137,0
DA:141,0
DA:146,0
DA:186,0
DA:191,0
DA:192,0
DA:199,0
DA:202,0
DA:206,0
DA:207,0
DA:216,0
DA:221,0
DA:222,0
DA:226,0
DA:228,0
DA:229,0
DA:230,0
DA:231,0
DA:232,0
DA:237,0
DA:238,0
DA:239,0
DA:240,0
DA:241,0
DA:245,0
DA:246,0
DA:248,0
DA:250,0
DA:255,0
DA:256,0
DA:259,0
DA:260,0
DA:261,0
DA:267,0
DA:269,0
DA:270,0
DA:288,0
DA:299,0
DA:300,0
DA:301,0
DA:302,0
DA:308,0
DA:312,0
DA:316,1
DA:321,1
DA:322,1
DA:323,1
DA:324,1
DA:326,2
DA:327,1
DA:328,1
DA:337,0
DA:338,0
DA:339,0
DA:340,0
DA:341,0
DA:342,0
DA:346,0
DA:348,0
DA:349,0
DA:350,0
DA:351,0
DA:356,0
DA:361,0
DA:364,0
DA:365,0
DA:366,0
DA:369,0
DA:370,0
DA:371,0
DA:372,0
DA:376,0
DA:377,0
DA:378,0
DA:386,0
DA:387,0
DA:389,0
DA:415,0
DA:426,0
DA:430,0
DA:431,0
DA:432,0
DA:434,0
DA:435,0
DA:438,0
DA:444,0
DA:446,0
DA:448,0
DA:449,0
DA:454,0
DA:458,0
DA:462,0
DA:463,0
DA:564,0
DA:570,0
DA:571,0
DA:577,0
DA:579,0
DA:582,0
DA:587,0
DA:588,0
DA:594,0
DA:598,0
DA:603,1
DA:611,1
DA:612,1
DA:613,1
DA:614,1
DA:615,1
DA:616,1
DA:617,1
DA:620,1
DA:622,3
DA:623,1
DA:638,0
DA:639,0
DA:640,0
DA:641,0
DA:642,0
DA:643,0
DA:644,0
DA:645,0
DA:646,0
DA:647,0
DA:648,0
DA:649,0
DA:653,0
DA:655,0
DA:656,0
DA:657,0
DA:658,0
DA:659,0
DA:660,0
DA:664,0
DA:669,0
DA:674,0
DA:675,0
DA:678,0
DA:679,0
DA:680,0
DA:683,0
DA:684,0
DA:685,0
DA:688,0
DA:689,0
DA:690,0
DA:693,0
DA:694,0
DA:696,0
DA:699,0
DA:700,0
DA:701,0
DA:702,0
DA:706,0
DA:709,0
DA:710,0
DA:711,0
DA:719,0
DA:720,0
DA:722,0
DA:751,0
DA:762,0
DA:769,0
DA:770,0
DA:771,0
DA:772,0
DA:774,0
DA:775,0
DA:777,0
DA:778,0
DA:780,0
DA:781,0
DA:784,0
DA:785,0
DA:786,0
DA:789,0
DA:793,0
DA:794,0
DA:796,0
DA:797,0
DA:802,0
DA:806,0
DA:813,0
DA:814,0
DA:815,0
DA:816,0
DA:820,1
DA:834,1
DA:835,1
DA:836,1
DA:837,1
DA:838,1
DA:839,1
DA:840,1
DA:841,1
DA:842,1
DA:843,1
DA:844,1
DA:845,1
DA:846,1
DA:849,1
DA:850,1
DA:852,3
DA:853,1
DA:855,3
DA:856,1
DA:857,1
DA:859,1
DA:862,2
DA:863,1
DA:864,1
DA:866,2
DA:867,1
DA:868,1
DA:895,0
DA:896,0
DA:897,0
DA:898,0
DA:899,0
DA:900,0
DA:901,0
DA:902,0
DA:903,0
DA:904,0
DA:905,0
DA:906,0
DA:907,0
DA:908,0
DA:909,0
DA:910,0
DA:911,0
DA:912,0
DA:913,0
DA:914,0
DA:915,0
DA:916,0
DA:917,0
DA:918,0
DA:919,0
DA:920,0
DA:924,0
DA:926,0
DA:927,0
DA:928,0
DA:929,0
DA:930,0
DA:931,0
DA:932,0
DA:933,0
DA:934,0
DA:935,0
DA:936,0
DA:937,0
DA:942,0
DA:943,0
DA:946,0
DA:947,0
DA:952,0
DA:957,0
DA:960,0
DA:961,0
DA:962,0
DA:965,0
DA:966,0
DA:967,0
DA:970,0
DA:971,0
DA:972,0
DA:975,0
DA:976,0
DA:977,0
DA:980,0
DA:981,0
DA:982,0
DA:985,0
DA:986,0
DA:987,0
DA:988,0
DA:992,0
DA:993,0
DA:994,0
DA:997,0
DA:998,0
DA:999,0
DA:1000,0
DA:1004,0
DA:1005,0
DA:1006,0
DA:1009,0
DA:1010,0
DA:1011,0
DA:1014,0
DA:1015,0
DA:1016,0
DA:1019,0
DA:1020,0
DA:1021,0
DA:1022,0
DA:1026,0
DA:1027,0
DA:1028,0
DA:1031,0
DA:1032,0
DA:1033,0
DA:1034,0
DA:1038,0
DA:1039,0
DA:1040,0
DA:1048,0
DA:1049,0
DA:1051,0
DA:1094,0
DA:1105,0
DA:1118,0
DA:1119,0
DA:1120,0
DA:1121,0
DA:1123,0
DA:1124,0
DA:1126,0
DA:1127,0
DA:1129,0
DA:1130,0
DA:1132,0
DA:1133,0
DA:1135,0
DA:1136,0
DA:1138,0
DA:1139,0
DA:1141,0
DA:1142,0
DA:1144,0
DA:1145,0
DA:1147,0
DA:1148,0
DA:1151,0
DA:1152,0
DA:1153,0
DA:1156,0
DA:1157,0
DA:1158,0
DA:1159,0
DA:1162,0
DA:1163,0
DA:1164,0
DA:1165,0
DA:1168,0
DA:1174,0
DA:1176,0
DA:1178,0
DA:1179,0
DA:1180,0
DA:1186,0
DA:1188,0
DA:1190,0
DA:1191,0
DA:1196,0
DA:1200,0
DA:1213,0
DA:1214,0
DA:1215,0
DA:1216,0
DA:1217,0
DA:1218,0
DA:1219,0
DA:1220,0
DA:1506,0
DA:1511,0
DA:1512,0
DA:1519,0
DA:1522,0
DA:1526,0
DA:1527,0
DA:1536,0
DA:1541,1
DA:1548,1
DA:1549,1
DA:1550,1
DA:1551,1
DA:1552,1
DA:1553,1
DA:1556,1
DA:1569,0
DA:1570,0
DA:1571,0
DA:1572,0
DA:1573,0
DA:1574,0
DA:1575,0
DA:1576,0
DA:1577,0
DA:1578,0
DA:1582,0
DA:1584,0
DA:1585,0
DA:1586,0
DA:1587,0
DA:1588,0
DA:1596,0
DA:1601,0
DA:1602,0
DA:1605,0
DA:1606,0
DA:1607,0
DA:1610,0
DA:1611,0
DA:1612,0
DA:1615,0
DA:1616,0
DA:1617,0
DA:1620,0
DA:1621,0
DA:1622,0
DA:1631,0
DA:1632,0
DA:1634,0
DA:1657,0
DA:1668,0
DA:1674,0
DA:1675,0
DA:1676,0
DA:1678,0
DA:1679,0
DA:1682,0
DA:1683,0
DA:1685,0
DA:1686,0
DA:1693,0
DA:1697,0
DA:1703,0
DA:1707,1
DA:1714,1
DA:1715,1
DA:1716,1
DA:1717,1
DA:1718,1
DA:1719,1
DA:1720,1
DA:1735,0
DA:1736,0
DA:1737,0
DA:1738,0
DA:1739,0
DA:1740,0
DA:1741,0
DA:1742,0
DA:1743,0
DA:1744,0
DA:1748,0
DA:1750,0
DA:1751,0
DA:1752,0
DA:1753,0
DA:1754,0
DA:1762,0
DA:1767,0
DA:1768,0
DA:1771,0
DA:1772,0
DA:1773,0
DA:1776,0
DA:1777,0
DA:1778,0
DA:1781,0
DA:1782,0
DA:1783,0
DA:1786,0
DA:1787,0
DA:1788,0
DA:1797,0
DA:1798,0
DA:1800,0
DA:1823,0
DA:1834,0
DA:1840,0
DA:1841,0
DA:1842,0
DA:1844,0
DA:1845,0
DA:1847,0
DA:1848,0
DA:1850,0
DA:1851,0
DA:1858,0
DA:1862,0
DA:1868,0
DA:1872,1
DA:1883,1
DA:1884,1
DA:1885,1
DA:1886,1
DA:1887,1
DA:1888,1
DA:1889,1
DA:1890,1
DA:1891,1
DA:1892,1
DA:1895,1
DA:1920,0
DA:1921,0
DA:1922,0
DA:1923,0
DA:1924,0
DA:1925,0
DA:1926,0
DA:1927,0
DA:1928,0
DA:1929,0
DA:1930,0
DA:1931,0
DA:1932,0
DA:1933,0
DA:1934,0
DA:1935,0
DA:1936,0
DA:1937,0
DA:1941,0
DA:1943,0
DA:1944,0
DA:1945,0
DA:1946,0
DA:1947,0
DA:1948,0
DA:1949,0
DA:1950,0
DA:1951,0
DA:1963,0
DA:1968,0
DA:1969,0
DA:1972,0
DA:1973,0
DA:1974,0
DA:1977,0
DA:1978,0
DA:1979,0
DA:1982,0
DA:1983,0
DA:1984,0
DA:1987,0
DA:1988,0
DA:1989,0
DA:1992,0
DA:1993,0
DA:1994,0
DA:1997,0
DA:1998,0
DA:1999,0
DA:2002,0
DA:2003,0
DA:2004,0
DA:2007,0
DA:2008,0
DA:2009,0
DA:2018,0
DA:2019,0
DA:2021,0
DA:2048,0
DA:2059,0
DA:2069,0
DA:2070,0
DA:2071,0
DA:2072,0
DA:2073,0
DA:2076,0
DA:2077,0
DA:2079,0
DA:2080,0
DA:2082,0
DA:2083,0
DA:2085,0
DA:2086,0
DA:2088,0
DA:2089,0
DA:2096,0
DA:2100,0
DA:2110,0
DA:2114,1
DA:2124,1
DA:2125,1
DA:2126,1
DA:2127,1
DA:2128,1
DA:2129,1
DA:2130,1
DA:2131,1
DA:2132,1
DA:2136,3
DA:2137,1
DA:2139,3
DA:2140,1
DA:2141,1
DA:2142,1
DA:2161,0
DA:2162,0
DA:2163,0
DA:2164,0
DA:2165,0
DA:2166,0
DA:2167,0
DA:2168,0
DA:2169,0
DA:2170,0
DA:2171,0
DA:2172,0
DA:2173,0
DA:2174,0
DA:2175,0
DA:2176,0
DA:2177,0
DA:2178,0
DA:2182,0
DA:2184,0
DA:2185,0
DA:2186,0
DA:2187,0
DA:2188,0
DA:2189,0
DA:2190,0
DA:2191,0
DA:2194,0
DA:2195,0
DA:2202,0
DA:2207,0
DA:2208,0
DA:2211,0
DA:2212,0
DA:2213,0
DA:2216,0
DA:2217,0
DA:2218,0
DA:2221,0
DA:2222,0
DA:2223,0
DA:2226,0
DA:2227,0
DA:2228,0
DA:2229,0
DA:2233,0
DA:2234,0
DA:2235,0
DA:2238,0
DA:2239,0
DA:2240,0
DA:2241,0
DA:2245,0
DA:2246,0
DA:2247,0
DA:2250,0
DA:2251,0
DA:2252,0
DA:2255,0
DA:2256,0
DA:2257,0
DA:2265,0
DA:2266,0
DA:2268,0
DA:2295,0
DA:2306,0
DA:2315,0
DA:2316,0
DA:2317,0
DA:2318,0
DA:2320,0
DA:2321,0
DA:2323,0
DA:2324,0
DA:2326,0
DA:2327,0
DA:2329,0
DA:2330,0
DA:2332,0
DA:2333,0
DA:2336,0
DA:2337,0
DA:2338,0
DA:2344,0
DA:2348,0
DA:2357,0
DA:2358,0
DA:2362,1
DA:2370,1
DA:2371,1
DA:2372,1
DA:2373,1
DA:2374,1
DA:2375,1
DA:2376,1
DA:2395,0
DA:2396,0
DA:2397,0
DA:2398,0
DA:2399,0
DA:2400,0
DA:2401,0
DA:2402,0
DA:2403,0
DA:2404,0
DA:2405,0
DA:2406,0
DA:2410,0
DA:2412,0
DA:2413,0
DA:2414,0
DA:2415,0
DA:2416,0
DA:2417,0
DA:2426,0
DA:2431,0
DA:2434,0
DA:2435,0
DA:2436,0
DA:2439,0
DA:2440,0
DA:2441,0
DA:2444,0
DA:2445,0
DA:2446,0
DA:2449,0
DA:2450,0
DA:2451,0
DA:2454,0
DA:2455,0
DA:2456,0
DA:2464,0
DA:2465,0
DA:2467,0
DA:2491,0
DA:2502,0
DA:2509,0
DA:2510,0
DA:2511,0
DA:2513,0
DA:2514,0
DA:2516,0
DA:2517,0
DA:2519,0
DA:2520,0
DA:2522,0
DA:2523,0
DA:2530,0
DA:2534,0
DA:2541,0
DA:2595,0
DA:2600,0
DA:2601,0
DA:2608,0
DA:2611,0
DA:2615,0
DA:2616,0
DA:2625,0
DA:2630,1
DA:2631,2
DA:2635,1
DA:2637,0
DA:2639,0
DA:2640,0
DA:2641,0
DA:2642,0
DA:2647,3
DA:2648,1
DA:2649,1
DA:2650,1
DA:2651,1
DA:2655,0
DA:2656,0
DA:2658,0
DA:2660,0
DA:2665,0
DA:2666,0
DA:2669,0
DA:2670,0
DA:2671,0
DA:2677,0
DA:2679,0
DA:2680,0
DA:2698,0
DA:2709,0
DA:2710,0
DA:2711,0
DA:2712,0
DA:2718,0
DA:2722,0
DA:2726,1
DA:2731,1
DA:2732,1
DA:2733,1
DA:2734,1
DA:2736,3
DA:2737,1
DA:2746,0
DA:2747,0
DA:2748,0
DA:2749,0
DA:2750,0
DA:2751,0
DA:2755,0
DA:2757,0
DA:2758,0
DA:2759,0
DA:2760,0
DA:2765,0
DA:2770,0
DA:2771,0
DA:2774,0
DA:2775,0
DA:2776,0
DA:2779,0
DA:2780,0
DA:2781,0
DA:2782,0
DA:2786,0
DA:2787,0
DA:2788,0
DA:2796,0
DA:2797,0
DA:2799,0
DA:2824,0
DA:2835,0
DA:2839,0
DA:2840,0
DA:2841,0
DA:2843,0
DA:2844,0
DA:2847,0
DA:2851,0
DA:2853,0
DA:2855,0
DA:2856,0
DA:2861,0
DA:2865,0
DA:2869,0
DA:2870,0
DA:2923,1
DA:2925,1
DA:2933,1
DA:2946,1
DA:2947,1
DA:2952,0
DA:2957,0
DA:2961,0
DA:2970,0
DA:2971,0
DA:2972,0
DA:2973,0
DA:2974,0
DA:2975,0
DA:2981,0
DA:2994,0
DA:2995,0
DA:3000,0
DA:3013,0
DA:3016,0
DA:3018,0
DA:3024,1
DA:3026,1
DA:3027,0
DA:3029,0
DA:3030,0
DA:3035,0
DA:3036,0
DA:3038,0
DA:3039,0
DA:3041,0
DA:3044,0
DA:3048,0
DA:3049,0
DA:3051,0
DA:3052,0
DA:3056,0
DA:3060,0
DA:3062,0
DA:3063,0
DA:3066,0
DA:3070,0
DA:3074,0
DA:3082,1
DA:3086,2
DA:3091,1
DA:3093,0
DA:3094,0
DA:3095,0
DA:3096,0
DA:3097,0
DA:3098,0
DA:3099,0
DA:3104,3
DA:3105,3
DA:3106,1
DA:3107,1
DA:3108,1
DA:3109,1
DA:3110,1
DA:3111,1
DA:3115,0
DA:3116,0
DA:3118,0
DA:3120,0
DA:3125,0
DA:3126,0
DA:3129,0
DA:3130,0
DA:3131,0
DA:3134,0
DA:3135,0
DA:3136,0
DA:3142,0
DA:3144,0
DA:3145,0
DA:3146,0
DA:3170,0
DA:3181,0
DA:3185,0
DA:3186,0
DA:3187,0
DA:3188,0
DA:3189,0
DA:3195,0
DA:3199,0
DA:3203,0
DA:3207,1
DA:3212,1
DA:3213,1
DA:3214,1
DA:3215,1
DA:3218,1
DA:3227,0
DA:3228,0
DA:3229,0
DA:3230,0
DA:3231,0
DA:3232,0
DA:3236,0
DA:3238,0
DA:3239,0
DA:3240,0
DA:3246,0
DA:3251,0
DA:3254,0
DA:3255,0
DA:3256,0
DA:3259,0
DA:3260,0
DA:3261,0
DA:3269,0
DA:3270,0
DA:3272,0
DA:3294,0
DA:3305,0
DA:3309,0
DA:3310,0
DA:3311,0
DA:3313,0
DA:3314,0
DA:3317,0
DA:3318,0
DA:3320,0
DA:3321,0
DA:3322,0
DA:3328,0
DA:3332,0
DA:3336,0
DA:3337,0
DA:3338,0
DA:3405,1
DA:3407,1
DA:3415,1
DA:3428,1
DA:3429,1
DA:3434,0
DA:3439,0
DA:3441,0
DA:3450,0
DA:3451,0
DA:3452,0
DA:3453,0
DA:3454,0
DA:3455,0
DA:3461,0
DA:3474,0
DA:3475,0
DA:3480,0
DA:3492,0
DA:3495,0
DA:3497,0
DA:3503,1
DA:3505,1
DA:3506,0
DA:3508,0
DA:3509,0
DA:3514,0
DA:3515,0
DA:3517,0
DA:3518,0
DA:3520,0
DA:3523,0
DA:3527,0
DA:3528,0
DA:3529,0
DA:3530,0
DA:3534,0
DA:3538,0
DA:3540,0
DA:3541,0
DA:3543,0
DA:3547,0
DA:3551,0
DA:3559,1
DA:3564,2
DA:3570,1
DA:3572,0
DA:3573,0
DA:3574,0
DA:3575,0
DA:3576,0
DA:3577,0
DA:3578,0
DA:3579,0
DA:3580,0
DA:3585,3
DA:3586,3
DA:3587,3
DA:3588,1
DA:3589,1
DA:3590,1
DA:3591,1
DA:3592,1
DA:3593,1
DA:3594,1
DA:3595,1
DA:3599,0
DA:3600,0
DA:3602,0
DA:3604,0
DA:3609,0
DA:3610,0
DA:3613,0
DA:3614,0
DA:3615,0
DA:3618,0
DA:3619,0
DA:3620,0
DA:3623,0
DA:3624,0
DA:3625,0
DA:3631,0
DA:3633,0
DA:3634,0
DA:3635,0
DA:3636,0
DA:3662,0
DA:3673,0
DA:3678,0
DA:3679,0
DA:3680,0
DA:3681,0
DA:3682,0
DA:3683,0
DA:3684,0
DA:3690,0
DA:3694,0
DA:3699,0
DA:3703,1
DA:3708,1
DA:3709,1
DA:3710,1
DA:3711,1
DA:3714,1
DA:3723,0
DA:3724,0
DA:3725,0
DA:3726,0
DA:3727,0
DA:3728,0
DA:3732,0
DA:3734,0
DA:3735,0
DA:3736,0
DA:3742,0
DA:3747,0
DA:3750,0
DA:3751,0
DA:3752,0
DA:3755,0
DA:3756,0
DA:3757,0
DA:3765,0
DA:3767,0
DA:3789,0
DA:3800,0
DA:3804,0
DA:3805,0
DA:3806,0
DA:3808,0
DA:3809,0
DA:3812,0
DA:3813,0
DA:3815,0
DA:3816,0
DA:3822,0
DA:3826,0
DA:3830,0
DA:3831,0
DA:3832,0
DA:3914,1
DA:3915,1
DA:3922,1
DA:3935,1
DA:3936,1
DA:3941,0
DA:3946,0
DA:3948,0
DA:3957,0
DA:3958,0
DA:3959,0
DA:3960,0
DA:3961,0
DA:3962,0
DA:3968,0
DA:3981,0
DA:3982,0
DA:3987,0
DA:3999,0
DA:4002,0
DA:4004,0
DA:4010,1
DA:4012,1
DA:4013,0
DA:4015,0
DA:4016,0
DA:4021,0
DA:4022,0
DA:4023,0
DA:4024,0
DA:4026,0
DA:4029,0
DA:4033,0
DA:4034,0
DA:4035,0
DA:4036,0
DA:4040,0
DA:4044,0
DA:4046,0
DA:4047,0
DA:4049,0
DA:4052,0
DA:4056,0
DA:4064,1
DA:4065,2
DA:4069,1
DA:4071,0
DA:4072,0
DA:4073,0
DA:4074,0
DA:4075,0
DA:4080,3
DA:4081,1
DA:4082,1
DA:4083,1
DA:4084,1
DA:4088,0
DA:4089,0
DA:4091,0
DA:4093,0
DA:4098,0
DA:4099,0
DA:4102,0
DA:4103,0
DA:4104,0
DA:4110,0
DA:4112,0
DA:4113,0
DA:4131,0
DA:4142,0
DA:4143,0
DA:4144,0
DA:4145,0
DA:4146,0
DA:4152,0
DA:4156,0
DA:4160,1
DA:4166,1
DA:4167,1
DA:4168,1
DA:4169,1
DA:4170,1
DA:4173,1
DA:4175,3
DA:4176,1
DA:4187,0
DA:4188,0
DA:4189,0
DA:4190,0
DA:4191,0
DA:4192,0
DA:4193,0
DA:4194,0
DA:4198,0
DA:4200,0
DA:4201,0
DA:4202,0
DA:4203,0
DA:4205,0
DA:4210,0
DA:4215,0
DA:4218,0
DA:4219,0
DA:4220,0
DA:4223,0
DA:4224,0
DA:4225,0
DA:4228,0
DA:4229,0
DA:4230,0
DA:4231,0
DA:4235,0
DA:4236,0
DA:4237,0
DA:4245,0
DA:4246,0
DA:4248,0
DA:4275,0
DA:4286,0
DA:4291,0
DA:4292,0
DA:4293,0
DA:4295,0
DA:4296,0
DA:4298,0
DA:4299,0
DA:4302,0
DA:4303,0
DA:4305,0
DA:4306,0
DA:4307,0
DA:4310,0
DA:4314,0
DA:4316,0
DA:4318,0
DA:4319,0
DA:4324,0
DA:4328,0
DA:4333,0
DA:4334,0
DA:4335,0
DA:4336,0
DA:4410,1
DA:4411,1
DA:4418,1
DA:4431,1
DA:4432,1
DA:4437,0
DA:4442,0
DA:4444,0
DA:4453,0
DA:4454,0
DA:4455,0
DA:4456,0
DA:4457,0
DA:4458,0
DA:4464,0
DA:4477,0
DA:4478,0
DA:4483,0
DA:4495,0
DA:4498,0
DA:4500,0
DA:4506,1
DA:4508,1
DA:4509,0
DA:4511,0
DA:4512,0
DA:4517,0
DA:4518,0
DA:4519,0
DA:4520,0
DA:4522,0
DA:4525,0
DA:4529,0
DA:4530,0
DA:4531,0
DA:4532,0
DA:4536,0
DA:4540,0
DA:4542,0
DA:4543,0
DA:4545,0
DA:4548,0
DA:4552,0
LF:1329
LH:202
end_of_record
SF:lib\model\api_server\requests\schema.graphql.dart
DA:20,0
DA:22,0
DA:24,0
DA:26,0
DA:28,0
DA:30,0
DA:32,0
DA:34,0
DA:36,0
DA:38,0
DA:40,0
DA:42,0
DA:44,0
DA:46,0
DA:48,0
DA:50,0
DA:52,0
DA:57,1
DA:59,1
DA:61,1
DA:63,1
DA:65,1
DA:67,1
DA:69,1
DA:71,1
DA:73,1
DA:75,1
DA:77,1
DA:79,1
DA:81,1
DA:83,0
DA:85,0
DA:87,0
DA:126,0
DA:128,0
DA:130,0
DA:132,0
DA:134,0
DA:136,0
DA:138,0
DA:140,0
DA:142,0
DA:144,0
DA:146,0
DA:148,0
DA:150,0
DA:152,0
DA:154,0
DA:156,0
DA:158,0
DA:160,0
DA:162,0
DA:164,0
DA:166,0
DA:168,0
DA:170,0
DA:172,0
DA:174,0
DA:176,0
DA:178,0
DA:180,0
DA:182,0
DA:184,0
DA:189,1
DA:191,1
DA:193,1
DA:195,1
DA:197,1
DA:199,1
DA:201,1
DA:203,1
DA:205,1
DA:207,1
DA:209,1
DA:211,1
DA:213,1
DA:215,1
DA:217,1
DA:219,1
DA:221,1
DA:223,1
DA:225,1
DA:227,1
DA:229,1
DA:231,1
DA:233,1
DA:235,1
DA:237,1
DA:239,1
DA:241,1
DA:243,1
DA:245,1
DA:264,0
DA:266,0
DA:268,0
DA:270,0
DA:272,0
DA:274,0
DA:276,0
DA:278,0
DA:280,0
DA:282,0
DA:287,1
DA:289,1
DA:291,1
DA:293,1
DA:295,0
DA:297,0
DA:299,0
DA:301,0
DA:303,0
DA:320,1
DA:322,1
DA:324,1
DA:326,1
DA:328,1
DA:330,0
DA:332,0
DA:334,0
DA:339,0
DA:341,0
DA:343,0
DA:345,0
DA:347,0
DA:349,0
DA:351,0
LF:126
LH:51
end_of_record
SF:lib\view_model\repository\data_classes\meal\Side.dart
DA:14,1
DA:29,0
DA:31,0
DA:32,0
DA:33,0
DA:34,0
DA:35,0
DA:36,0
DA:37,0
DA:41,0
DA:42,0
DA:43,0
DA:45,0
DA:48,0
DA:49,0
DA:50,0
DA:52,0
DA:55,0
DA:57,0
DA:59,0
DA:61,0
DA:63,0
LF:22
LH:1
end_of_record
SF:lib\view_model\repository\data_classes\mealplan\MealPlan.dart
DA:11,1
DA:21,0
DA:23,0
DA:25,0
DA:27,0
DA:29,0
DA:30,0
DA:31,0
DA:32,0
DA:33,0
LF:10
LH:1
end_of_record
SF:lib\view_model\repository\error_handling\NoMealException.dart
DA:8,0
LF:1
LH:0
end_of_record
SF:lib\model\api_server\requests\mutations.graphql.dart
DA:9,1
DA:10,2
DA:14,1
DA:16,0
DA:18,0
DA:19,0
DA:20,0
DA:21,0
DA:26,3
DA:27,1
DA:28,1
DA:29,1
DA:30,1
DA:34,0
DA:35,0
DA:37,0
DA:39,0
DA:44,0
DA:45,0
DA:48,0
DA:49,0
DA:50,0
DA:56,0
DA:58,0
DA:59,0
DA:77,0
DA:88,0
DA:89,0
DA:90,0
DA:91,0
DA:92,0
DA:98,0
DA:102,0
DA:106,1
DA:111,1
DA:112,1
DA:113,1
DA:114,1
DA:124,0
DA:125,0
DA:126,0
DA:127,0
DA:128,0
DA:129,0
DA:133,0
DA:135,0
DA:136,0
DA:137,0
DA:143,0
DA:148,0
DA:149,0
DA:152,0
DA:153,0
DA:154,0
DA:157,0
DA:158,0
DA:159,0
DA:167,0
DA:168,0
DA:170,0
DA:191,0
DA:202,0
DA:206,0
DA:207,0
DA:208,0
DA:210,0
DA:211,0
DA:218,0
DA:222,0
DA:226,0
DA:268,1
DA:270,1
DA:278,1
DA:291,1
DA:292,1
DA:297,0
DA:301,0
DA:305,0
DA:315,0
DA:316,0
DA:317,0
DA:318,0
DA:319,0
DA:320,0
DA:326,0
DA:339,0
DA:340,0
DA:345,0
DA:357,1
DA:359,1
DA:360,0
DA:362,0
DA:366,0
DA:376,0
DA:379,0
DA:380,0
DA:381,0
DA:382,0
DA:383,0
DA:384,0
DA:386,0
DA:390,0
DA:393,0
DA:397,0
DA:409,0
DA:414,0
DA:418,0
DA:422,0
DA:432,0
DA:433,0
DA:434,0
DA:435,0
DA:436,0
DA:437,0
DA:454,0
DA:458,0
DA:460,0
DA:461,0
DA:465,0
DA:466,0
DA:471,0
DA:472,0
DA:474,0
DA:482,1
DA:483,2
DA:487,1
DA:489,0
DA:490,0
DA:491,0
DA:492,0
DA:493,0
DA:498,3
DA:499,1
DA:500,1
DA:501,1
DA:502,1
DA:506,0
DA:507,0
DA:509,0
DA:511,0
DA:516,0
DA:517,0
DA:520,0
DA:521,0
DA:522,0
DA:528,0
DA:530,0
DA:531,0
DA:549,0
DA:560,0
DA:561,0
DA:562,0
DA:563,0
DA:564,0
DA:570,0
DA:574,0
DA:578,1
DA:583,1
DA:584,1
DA:585,1
DA:586,1
DA:596,0
DA:597,0
DA:598,0
DA:599,0
DA:600,0
DA:601,0
DA:605,0
DA:607,0
DA:608,0
DA:609,0
DA:615,0
DA:620,0
DA:623,0
DA:624,0
DA:625,0
DA:628,0
DA:629,0
DA:630,0
DA:638,0
DA:639,0
DA:641,0
DA:662,0
DA:673,0
DA:677,0
DA:678,0
DA:679,0
DA:681,0
DA:682,0
DA:689,0
DA:693,0
DA:697,0
DA:739,1
DA:741,1
DA:749,1
DA:762,1
DA:763,1
DA:768,0
DA:772,0
DA:774,0
DA:784,0
DA:785,0
DA:786,0
DA:787,0
DA:788,0
DA:789,0
DA:795,0
DA:808,0
DA:809,0
DA:814,0
DA:826,1
DA:828,1
DA:829,0
DA:831,0
DA:835,0
DA:845,0
DA:848,0
DA:849,0
DA:850,0
DA:851,0
DA:852,0
DA:853,0
DA:855,0
DA:859,0
DA:861,0
DA:865,0
DA:877,0
DA:882,0
DA:886,0
DA:888,0
DA:898,0
DA:899,0
DA:900,0
DA:901,0
DA:902,0
DA:903,0
DA:920,0
DA:924,0
DA:926,0
DA:927,0
DA:931,0
DA:932,0
DA:937,0
DA:938,0
DA:940,0
DA:948,1
DA:949,2
DA:953,1
DA:955,0
DA:956,0
DA:957,0
DA:958,0
DA:959,0
DA:964,3
DA:965,1
DA:966,1
DA:967,1
DA:968,1
DA:972,0
DA:973,0
DA:975,0
DA:977,0
DA:982,0
DA:983,0
DA:986,0
DA:987,0
DA:988,0
DA:994,0
DA:996,0
DA:997,0
DA:1015,0
DA:1026,0
DA:1027,0
DA:1028,0
DA:1029,0
DA:1030,0
DA:1036,0
DA:1040,0
DA:1044,1
DA:1049,1
DA:1050,1
DA:1051,1
DA:1052,1
DA:1062,0
DA:1063,0
DA:1064,0
DA:1065,0
DA:1066,0
DA:1067,0
DA:1071,0
DA:1073,0
DA:1074,0
DA:1075,0
DA:1081,0
DA:1086,0
DA:1089,0
DA:1090,0
DA:1091,0
DA:1094,0
DA:1095,0
DA:1096,0
DA:1104,0
DA:1105,0
DA:1107,0
DA:1128,0
DA:1139,0
DA:1143,0
DA:1144,0
DA:1145,0
DA:1147,0
DA:1148,0
DA:1155,0
DA:1159,0
DA:1163,0
DA:1205,1
DA:1207,1
DA:1215,1
DA:1228,1
DA:1229,1
DA:1234,0
DA:1238,0
DA:1240,0
DA:1250,0
DA:1251,0
DA:1252,0
DA:1253,0
DA:1254,0
DA:1255,0
DA:1261,0
DA:1274,0
DA:1275,0
DA:1280,0
DA:1292,1
DA:1294,1
DA:1295,0
DA:1297,0
DA:1301,0
DA:1311,0
DA:1314,0
DA:1315,0
DA:1316,0
DA:1317,0
DA:1318,0
DA:1319,0
DA:1321,0
DA:1325,0
DA:1327,0
DA:1331,0
DA:1343,0
DA:1348,0
DA:1352,0
DA:1354,0
DA:1364,0
DA:1365,0
DA:1366,0
DA:1367,0
DA:1368,0
DA:1369,0
DA:1386,0
DA:1390,0
DA:1392,0
DA:1393,0
DA:1397,0
DA:1398,0
DA:1403,0
DA:1404,0
DA:1406,0
DA:1414,1
DA:1415,2
DA:1419,1
DA:1421,0
DA:1422,0
DA:1423,0
DA:1424,0
DA:1425,0
DA:1430,3
DA:1431,1
DA:1432,1
DA:1433,1
DA:1434,1
DA:1438,0
DA:1439,0
DA:1441,0
DA:1443,0
DA:1448,0
DA:1449,0
DA:1452,0
DA:1453,0
DA:1454,0
DA:1460,0
DA:1462,0
DA:1463,0
DA:1481,0
DA:1492,0
DA:1493,0
DA:1494,0
DA:1495,0
DA:1496,0
DA:1502,0
DA:1506,0
DA:1510,1
DA:1515,1
DA:1516,1
DA:1517,1
DA:1518,1
DA:1528,0
DA:1529,0
DA:1530,0
DA:1531,0
DA:1532,0
DA:1533,0
DA:1537,0
DA:1539,0
DA:1540,0
DA:1541,0
DA:1547,0
DA:1552,0
DA:1555,0
DA:1556,0
DA:1557,0
DA:1560,0
DA:1561,0
DA:1562,0
DA:1570,0
DA:1571,0
DA:1573,0
DA:1594,0
DA:1605,0
DA:1609,0
DA:1610,0
DA:1611,0
DA:1613,0
DA:1614,0
DA:1621,0
DA:1625,0
DA:1629,0
DA:1671,1
DA:1672,1
DA:1680,1
DA:1693,1
DA:1694,1
DA:1699,0
DA:1703,0
DA:1705,0
DA:1715,0
DA:1716,0
DA:1717,0
DA:1718,0
DA:1719,0
DA:1720,0
DA:1726,0
DA:1739,0
DA:1740,0
DA:1745,0
DA:1757,1
DA:1759,1
DA:1760,0
DA:1762,0
DA:1766,0
DA:1776,0
DA:1779,0
DA:1780,0
DA:1781,0
DA:1782,0
DA:1783,0
DA:1784,0
DA:1786,0
DA:1790,0
DA:1792,0
DA:1796,0
DA:1808,0
DA:1813,0
DA:1817,0
DA:1819,0
DA:1829,0
DA:1830,0
DA:1831,0
DA:1832,0
DA:1833,0
DA:1834,0
DA:1851,0
DA:1855,0
DA:1857,0
DA:1858,0
DA:1862,0
DA:1863,0
DA:1868,0
DA:1869,0
DA:1871,0
DA:1879,1
DA:1883,2
DA:1888,1
DA:1890,0
DA:1891,0
DA:1892,0
DA:1893,0
DA:1894,0
DA:1895,0
DA:1896,0
DA:1901,3
DA:1902,3
DA:1903,1
DA:1904,1
DA:1905,1
DA:1906,1
DA:1907,1
DA:1908,1
DA:1912,0
DA:1913,0
DA:1915,0
DA:1917,0
DA:1922,0
DA:1923,0
DA:1926,0
DA:1927,0
DA:1928,0
DA:1931,0
DA:1932,0
DA:1933,0
DA:1939,0
DA:1941,0
DA:1942,0
DA:1943,0
DA:1967,0
DA:1978,0
DA:1982,0
DA:1983,0
DA:1984,0
DA:1985,0
DA:1986,0
DA:1987,0
DA:1993,0
DA:1997,0
DA:2001,0
DA:2005,1
DA:2010,1
DA:2011,1
DA:2012,1
DA:2013,1
DA:2023,0
DA:2024,0
DA:2025,0
DA:2026,0
DA:2027,0
DA:2028,0
DA:2032,0
DA:2034,0
DA:2035,0
DA:2036,0
DA:2042,0
DA:2047,0
DA:2050,0
DA:2051,0
DA:2052,0
DA:2055,0
DA:2056,0
DA:2057,0
DA:2065,0
DA:2066,0
DA:2068,0
DA:2089,0
DA:2100,0
DA:2104,0
DA:2105,0
DA:2106,0
DA:2108,0
DA:2109,0
DA:2116,0
DA:2120,0
DA:2124,0
DA:2179,1
DA:2180,1
DA:2188,1
DA:2201,1
DA:2202,1
DA:2207,0
DA:2211,0
DA:2213,0
DA:2223,0
DA:2224,0
DA:2225,0
DA:2226,0
DA:2227,0
DA:2228,0
DA:2234,0
DA:2247,0
DA:2248,0
DA:2253,0
DA:2265,1
DA:2267,1
DA:2268,0
DA:2270,0
DA:2274,0
DA:2284,0
DA:2287,0
DA:2288,0
DA:2289,0
DA:2290,0
DA:2291,0
DA:2292,0
DA:2294,0
DA:2298,0
DA:2300,0
DA:2304,0
DA:2316,0
DA:2321,0
DA:2325,0
DA:2327,0
DA:2337,0
DA:2338,0
DA:2339,0
DA:2340,0
DA:2341,0
DA:2342,0
DA:2359,0
DA:2363,0
DA:2365,0
DA:2366,0
DA:2370,0
DA:2371,0
DA:2376,0
DA:2377,0
DA:2379,0
DA:2387,1
DA:2391,2
DA:2396,1
DA:2398,0
DA:2399,0
DA:2400,0
DA:2401,0
DA:2402,0
DA:2403,0
DA:2404,0
DA:2409,3
DA:2410,3
DA:2411,1
DA:2412,1
DA:2413,1
DA:2414,1
DA:2415,1
DA:2416,2
DA:2420,0
DA:2421,0
DA:2423,0
DA:2425,0
DA:2430,0
DA:2431,0
DA:2434,0
DA:2435,0
DA:2436,0
DA:2439,0
DA:2440,0
DA:2441,0
DA:2447,0
DA:2449,0
DA:2450,0
DA:2451,0
DA:2475,0
DA:2486,0
DA:2490,0
DA:2491,0
DA:2492,0
DA:2493,0
DA:2494,0
DA:2495,0
DA:2501,0
DA:2505,0
DA:2509,0
DA:2513,1
DA:2518,1
DA:2519,1
DA:2520,1
DA:2521,1
DA:2531,0
DA:2532,0
DA:2533,0
DA:2534,0
DA:2535,0
DA:2536,0
DA:2540,0
DA:2542,0
DA:2543,0
DA:2544,0
DA:2550,0
DA:2555,0
DA:2558,0
DA:2559,0
DA:2560,0
DA:2563,0
DA:2564,0
DA:2565,0
DA:2573,0
DA:2574,0
DA:2576,0
DA:2597,0
DA:2608,0
DA:2612,0
DA:2613,0
DA:2614,0
DA:2616,0
DA:2617,0
DA:2624,0
DA:2628,0
DA:2632,0
DA:2687,1
DA:2689,1
DA:2697,1
DA:2710,1
DA:2711,1
DA:2716,0
DA:2720,0
DA:2722,0
DA:2732,0
DA:2733,0
DA:2734,0
DA:2735,0
DA:2736,0
DA:2737,0
DA:2743,0
DA:2756,0
DA:2757,0
DA:2762,0
DA:2774,1
DA:2776,1
DA:2777,0
DA:2779,0
DA:2783,0
DA:2793,0
DA:2796,0
DA:2797,0
DA:2798,0
DA:2799,0
DA:2800,0
DA:2801,0
DA:2803,0
DA:2807,0
DA:2809,0
DA:2813,0
DA:2825,0
DA:2830,0
DA:2834,0
DA:2836,0
DA:2846,0
DA:2847,0
DA:2848,0
DA:2849,0
DA:2850,0
DA:2851,0
DA:2868,0
DA:2872,0
DA:2874,0
DA:2875,0
DA:2879,0
DA:2880,0
DA:2885,0
DA:2886,0
DA:2888,0
DA:2896,1
DA:2900,2
DA:2905,1
DA:2907,0
DA:2908,0
DA:2909,0
DA:2910,0
DA:2911,0
DA:2912,0
DA:2913,0
DA:2918,3
DA:2919,3
DA:2920,1
DA:2921,1
DA:2922,1
DA:2923,1
DA:2924,1
DA:2925,1
DA:2929,0
DA:2930,0
DA:2932,0
DA:2934,0
DA:2939,0
DA:2940,0
DA:2943,0
DA:2944,0
DA:2945,0
DA:2948,0
DA:2949,0
DA:2950,0
DA:2956,0
DA:2958,0
DA:2959,0
DA:2960,0
DA:2984,0
DA:2995,0
DA:2999,0
DA:3000,0
DA:3001,0
DA:3002,0
DA:3003,0
DA:3009,0
DA:3013,0
DA:3017,0
DA:3021,1
DA:3026,1
DA:3027,1
DA:3028,1
DA:3029,1
DA:3039,0
DA:3040,0
DA:3041,0
DA:3042,0
DA:3043,0
DA:3044,0
DA:3048,0
DA:3050,0
DA:3051,0
DA:3052,0
DA:3058,0
DA:3063,0
DA:3066,0
DA:3067,0
DA:3068,0
DA:3071,0
DA:3072,0
DA:3073,0
DA:3081,0
DA:3082,0
DA:3084,0
DA:3105,0
DA:3116,0
DA:3120,0
DA:3121,0
DA:3122,0
DA:3124,0
DA:3125,0
DA:3132,0
DA:3136,0
DA:3140,0
DA:3195,1
DA:3197,1
DA:3205,1
DA:3218,1
DA:3219,1
DA:3224,0
DA:3228,0
DA:3230,0
DA:3240,0
DA:3241,0
DA:3242,0
DA:3243,0
DA:3244,0
DA:3245,0
DA:3251,0
DA:3264,0
DA:3265,0
DA:3270,0
DA:3282,1
DA:3284,1
DA:3285,0
DA:3287,0
DA:3291,0
DA:3301,0
DA:3304,0
DA:3305,0
DA:3306,0
DA:3307,0
DA:3308,0
DA:3309,0
DA:3311,0
DA:3315,0
DA:3317,0
DA:3321,0
DA:3333,0
DA:3338,0
DA:3342,0
DA:3344,0
DA:3354,0
DA:3355,0
DA:3356,0
DA:3357,0
DA:3358,0
DA:3359,0
DA:3376,0
DA:3380,0
DA:3382,0
DA:3383,0
DA:3387,0
DA:3388,0
DA:3393,0
DA:3394,0
DA:3396,0
LF:890
LH:149
end_of_record
